<?xml version="1.0" encoding="UTF-8" ?>
<testsuite tests="1" failures="1" name="Sample.PetClinicTest" time="153.561" errors="0" skipped="0">
  <properties>
[...]
</properties>
  <testcase classname="Sample.PetClinicTest" name="testEasy" time="153.561">
    <failure message="Unable to connect to host 127.0.0.1 on port 7055 after 45000 ms. Firefox console output:
*** LOG addons.manager: Application has been upgraded
*** LOG addons.xpi: startup
*** LOG addons.xpi: Skipping unavailable install location app-system-local
*** LOG addons.xpi: Skipping unavailable install location app-system-share
*** LOG addons.xpi: Ignoring file entry whose name is not a valid add-on ID: C:\Users\kedar\AppData\Local\Temp\anonymous2891216328555896786webdriver-profile\extensions\webdriver-staging
*** LOG addons.xpi: checkForChanges
*** LOG addons.xpi-utils: Opening database
*** LOG addons.xpi-utils: Creating database schema
*** LOG addons.xpi: New add-on fxdriver@googlecode.com installed in app-profile
*** Blocklist::_loadBlocklistFromFile: blocklist is disabled
*** LOG addons.xpi: New add-on {972ce4c6-7e08-4474-a285-3208198ce6fd} installed in app-global
*** LOG addons.xpi: New add-on wrc@avast.com installed in winreg-app-global
*** LOG addons.xpi: Updating database with changes to installed add-ons
*** LOG addons.xpi-utils: Updating add-on states
*** LOG addons.xpi-utils: Writing add-ons list

Command duration or timeout: 147.41 seconds
Build info: version: &apos;2.53.1&apos;, revision: &apos;a36b8b1cd5757287168e54b817830adce9b0158d&apos;, time: &apos;2016-06-30 19:26:09&apos;
System info: host: &apos;kedar-PC&apos;, ip: &apos;192.168.1.101&apos;, os.name: &apos;Windows 7&apos;, os.arch: &apos;amd64&apos;, os.version: &apos;6.1&apos;, java.version: &apos;1.8.0_102&apos;
Driver info: org.openqa.selenium.remote.RemoteWebDriver" type="org.openqa.selenium.WebDriverException">org.openqa.selenium.WebDriverException: Unable to connect to host 127.0.0.1 on port 7055 after 45000 ms. Firefox console output:
*** LOG addons.manager: Application has been upgraded
*** LOG addons.xpi: startup
*** LOG addons.xpi: Skipping unavailable install location app-system-local
*** LOG addons.xpi: Skipping unavailable install location app-system-share
*** LOG addons.xpi: Ignoring file entry whose name is not a valid add-on ID: C:\Users\kedar\AppData\Local\Temp\anonymous2891216328555896786webdriver-profile\extensions\webdriver-staging
*** LOG addons.xpi: checkForChanges
*** LOG addons.xpi-utils: Opening database
*** LOG addons.xpi-utils: Creating database schema
*** LOG addons.xpi: New add-on fxdriver@googlecode.com installed in app-profile
*** Blocklist::_loadBlocklistFromFile: blocklist is disabled
*** LOG addons.xpi: New add-on {972ce4c6-7e08-4474-a285-3208198ce6fd} installed in app-global
*** LOG addons.xpi: New add-on wrc@avast.com installed in winreg-app-global
*** LOG addons.xpi: Updating database with changes to installed add-ons
*** LOG addons.xpi-utils: Updating add-on states
*** LOG addons.xpi-utils: Writing add-ons list
Command duration or timeout: 147.41 seconds
Build info: version: &apos;2.53.1&apos;, revision: &apos;a36b8b1cd5757287168e54b817830adce9b0158d&apos;, time: &apos;2016-06-30 19:26:09&apos;
System info: host: &apos;kedar-PC&apos;, ip: &apos;192.168.1.101&apos;, os.name: &apos;Windows 7&apos;, os.arch: &apos;amd64&apos;, os.version: &apos;6.1&apos;, java.version: &apos;1.8.0_102&apos;
Driver info: org.openqa.selenium.remote.RemoteWebDriver
	at sun.reflect.NativeConstructorAccessorImpl.newInstance0(Native Method)
	at sun.reflect.NativeConstructorAccessorImpl.newInstance(NativeConstructorAccessorImpl.java:62)
	at sun.reflect.DelegatingConstructorAccessorImpl.newInstance(DelegatingConstructorAccessorImpl.java:45)
	at java.lang.reflect.Constructor.newInstance(Constructor.java:423)
	at org.openqa.selenium.remote.ErrorHandler.createThrowable(ErrorHandler.java:206)
	at org.openqa.selenium.remote.ErrorHandler.throwIfResponseFailed(ErrorHandler.java:158)
	at org.openqa.selenium.remote.RemoteWebDriver.execute(RemoteWebDriver.java:678)
	at org.openqa.selenium.remote.RemoteWebDriver.startSession(RemoteWebDriver.java:249)
	at org.openqa.selenium.remote.RemoteWebDriver.&lt;init&gt;(RemoteWebDriver.java:131)
	at org.openqa.selenium.remote.RemoteWebDriver.&lt;init&gt;(RemoteWebDriver.java:158)
	at Sample.PetClinicTest.testEasy(PetClinicTest.java:32)
Caused by: org.openqa.selenium.WebDriverException: Unable to connect to host 127.0.0.1 on port 7055 after 45000 ms. Firefox console output:
*** LOG addons.manager: Application has been upgraded
*** LOG addons.xpi: startup
*** LOG addons.xpi: Skipping unavailable install location app-system-local
*** LOG addons.xpi: Skipping unavailable install location app-system-share
*** LOG addons.xpi: Ignoring file entry whose name is not a valid add-on ID: C:\Users\kedar\AppData\Local\Temp\anonymous2891216328555896786webdriver-profile\extensions\webdriver-staging
*** LOG addons.xpi: checkForChanges
*** LOG addons.xpi-utils: Opening database
*** LOG addons.xpi-utils: Creating database schema
*** LOG addons.xpi: New add-on fxdriver@googlecode.com installed in app-profile
*** Blocklist::_loadBlocklistFromFile: blocklist is disabled
*** LOG addons.xpi: New add-on {972ce4c6-7e08-4474-a285-3208198ce6fd} installed in app-global
*** LOG addons.xpi: New add-on wrc@avast.com installed in winreg-app-global
*** LOG addons.xpi: Updating database with changes to installed add-ons
*** LOG addons.xpi-utils: Updating add-on states
*** LOG addons.xpi-utils: Writing add-ons list
Build info: version: &apos;2.53.1&apos;, revision: &apos;a36b8b1cd5757287168e54b817830adce9b0158d&apos;, time: &apos;2016-06-30 19:26:09&apos;
System info: host: &apos;kedar-PC&apos;, ip: &apos;192.168.1.101&apos;, os.name: &apos;Windows 7&apos;, os.arch: &apos;amd64&apos;, os.version: &apos;6.1&apos;, java.version: &apos;1.8.0_102&apos;
Driver info: driver.version: FirefoxDriver
	at org.openqa.selenium.firefox.internal.NewProfileExtensionConnection.start(NewProfileExtensionConnection.java:112)
	at org.openqa.selenium.firefox.FirefoxDriver.startClient(FirefoxDriver.java:271)
	at org.openqa.selenium.remote.RemoteWebDriver.&lt;init&gt;(RemoteWebDriver.java:119)
	at org.openqa.selenium.firefox.FirefoxDriver.&lt;init&gt;(FirefoxDriver.java:218)
	at org.openqa.selenium.firefox.FirefoxDriver.&lt;init&gt;(FirefoxDriver.java:211)
	at org.openqa.selenium.firefox.FirefoxDriver.&lt;init&gt;(FirefoxDriver.java:129)
	at sun.reflect.NativeConstructorAccessorImpl.newInstance0(Native Method)
	at sun.reflect.NativeConstructorAccessorImpl.newInstance(Unknown Source)
	at sun.reflect.DelegatingConstructorAccessorImpl.newInstance(Unknown Source)
	at java.lang.reflect.Constructor.newInstance(Unknown Source)
	at org.openqa.selenium.remote.server.FirefoxDriverProvider.callConstructor(FirefoxDriverProvider.java:91)
	at org.openqa.selenium.remote.server.FirefoxDriverProvider.newInstance(FirefoxDriverProvider.java:68)
	at org.openqa.selenium.remote.server.DefaultDriverFactory.newInstance(DefaultDriverFactory.java:60)
	at org.openqa.selenium.remote.server.DefaultSession$BrowserCreator.call(DefaultSession.java:222)
	at org.openqa.selenium.remote.server.DefaultSession$BrowserCreator.call(DefaultSession.java:1)
	at java.util.concurrent.FutureTask.run(Unknown Source)
	at org.openqa.selenium.remote.server.DefaultSession$1.run(DefaultSession.java:176)
	at java.util.concurrent.ThreadPoolExecutor.runWorker(Unknown Source)
	at java.util.concurrent.ThreadPoolExecutor$Worker.run(Unknown Source)
	at java.lang.Thread.run(Unknown Source)
</failure>
    <system-out>Configuring TestNG with: org.apache.maven.surefire.testng.conf.TestNG652Configurator@3b192d32
</system-out>
    <system-err>log4j:WARN No appenders could be found for logger (org.apache.http.client.protocol.RequestAddCookies).
log4j:WARN Please initialize the log4j system properly.
log4j:WARN See http://logging.apache.org/log4j/1.2/faq.html#noconfig for more info.
</system-err>
  </testcase>
</testsuite>